0 info it worked if it ends with ok
1 verbose cli [ 'C:\\Program Files\\nodejs\\node.exe',
1 verbose cli   'C:\\Users\\user\\AppData\\Roaming\\npm\\node_modules\\npm\\bin\\npm-cli.js',
1 verbose cli   'run',
1 verbose cli   'start' ]
2 info using npm@3.10.9
3 info using node@v7.3.0
4 verbose run-script [ 'prestart', 'start', 'poststart' ]
5 info lifecycle starlight-studio@0.0.0~prestart: starlight-studio@0.0.0
6 silly lifecycle starlight-studio@0.0.0~prestart: no script for prestart, continuing
7 info lifecycle starlight-studio@0.0.0~start: starlight-studio@0.0.0
8 verbose lifecycle starlight-studio@0.0.0~start: unsafe-perm in lifecycle true
9 verbose lifecycle starlight-studio@0.0.0~start: PATH: C:\Users\user\AppData\Roaming\npm\node_modules\npm\bin\node-gyp-bin;C:\Users\user\Documents\PONS FILES\5th Year 2nd Sem\SE\coen3463-m2t16\starlight-studio\node_modules\.bin;C:\Python27\Scripts;C:\ProgramData\Oracle\Java\javapath;C:\WINDOWS\system32;C:\WINDOWS;C:\WINDOWS\System32\Wbem;C:\WINDOWS\System32\WindowsPowerShell\v1.0\;C:\Users\user\.dnx\bin;C:\Program Files\Microsoft DNX\Dnvm\;C:\Program Files (x86)\Windows Kits\8.1\Windows Performance Toolkit\;C:\Program Files\Git\cmd;C:\xampp\php;C:\ProgramData\ComposerSetup\bin;C:\Program Files\Java\jdk1.8.0_25\bin;C:\Python27\Lib\site-packages\adjango\bin;C:\Python34\Lib\site-packages\django\bin;C:\Users\user\AppData\Roaming\Composer\vendor\bin;C:\Program Files (x86)\Microsoft VS Code\bin;C:\Users\user\AppData\Roaming\npm;C:\adb;C:\WINDOWS\system32;C:\WINDOWS;C:\WINDOWS\System32\Wbem;C:\WINDOWS\System32\WindowsPowerShell\v1.0\;C:\WINDOWS\system32\config\systemprofile\.dnx\bin;C:\Program Files\Microsoft DNX\Dnvm\;C:\Program Files\Microsoft SQL Server\130\Tools\Binn\;C:\Program Files (x86)\Heroku\bin;C:\Program Files (x86)\git\cmd;C:\Program Files (x86)\Git\cmd;C:\Program Files\nodejs\;C:\curl;C:\Program Files (x86)\Brackets\command;C:\Program Files\Java\jdk1.8.0_25\bin;C:\Python27\Lib\site-packages\adjango\bin;C:\Python34\Lib\site-packages\django\bin;C:\Users\user\AppData\Roaming\Composer\vendor\bin;C:\Python27;C:\Program Files (x86)\Microsoft VS Code\bin;C:\Users\user\AppData\Local\Microsoft\WindowsApps;C:\Users\user\AppData\Roaming\npm;C:\Users\user\AppData\Local\Apps\cURL\bin;C:\Program Files\Docker Toolbox
10 verbose lifecycle starlight-studio@0.0.0~start: CWD: C:\Users\user\Documents\PONS FILES\5th Year 2nd Sem\SE\coen3463-m2t16\starlight-studio
11 silly lifecycle starlight-studio@0.0.0~start: Args: [ '/d /s /c', 'node ./bin/www' ]
12 silly lifecycle starlight-studio@0.0.0~start: Returned: code: 1  signal: null
13 info lifecycle starlight-studio@0.0.0~start: Failed to exec start script
14 verbose stack Error: starlight-studio@0.0.0 start: `node ./bin/www`
14 verbose stack Exit status 1
14 verbose stack     at EventEmitter.<anonymous> (C:\Users\user\AppData\Roaming\npm\node_modules\npm\lib\utils\lifecycle.js:255:16)
14 verbose stack     at emitTwo (events.js:106:13)
14 verbose stack     at EventEmitter.emit (events.js:191:7)
14 verbose stack     at ChildProcess.<anonymous> (C:\Users\user\AppData\Roaming\npm\node_modules\npm\lib\utils\spawn.js:40:14)
14 verbose stack     at emitTwo (events.js:106:13)
14 verbose stack     at ChildProcess.emit (events.js:191:7)
14 verbose stack     at maybeClose (internal/child_process.js:885:16)
14 verbose stack     at Process.ChildProcess._handle.onexit (internal/child_process.js:226:5)
15 verbose pkgid starlight-studio@0.0.0
16 verbose cwd C:\Users\user\Documents\PONS FILES\5th Year 2nd Sem\SE\coen3463-m2t16\starlight-studio
17 error Windows_NT 10.0.14393
18 error argv "C:\\Program Files\\nodejs\\node.exe" "C:\\Users\\user\\AppData\\Roaming\\npm\\node_modules\\npm\\bin\\npm-cli.js" "run" "start"
19 error node v7.3.0
20 error npm  v3.10.9
21 error code ELIFECYCLE
22 error starlight-studio@0.0.0 start: `node ./bin/www`
22 error Exit status 1
23 error Failed at the starlight-studio@0.0.0 start script 'node ./bin/www'.
23 error Make sure you have the latest version of node.js and npm installed.
23 error If you do, this is most likely a problem with the starlight-studio package,
23 error not with npm itself.
23 error Tell the author that this fails on your system:
23 error     node ./bin/www
23 error You can get information on how to open an issue for this project with:
23 error     npm bugs starlight-studio
23 error Or if that isn't available, you can get their info via:
23 error     npm owner ls starlight-studio
23 error There is likely additional logging output above.
24 verbose exit [ 1, true ]
